app/build/intermediates/manifest_merge_blame_file/debug/manifest-merger-blame-debug-report.txt
1<?xml version="1.0" encoding="utf-8"?>
2<manifest xmlns:android="http://schemas.android.com/apk/res/android"
3    package="com.example.hackatonandroid"
4    android:versionCode="1"
5    android:versionName="1.0" >
6
7    <uses-sdk
8        android:minSdkVersion="24"
8-->src/main/AndroidManifest.xml
9        android:targetSdkVersion="33" />
9-->src/main/AndroidManifest.xml
10
11    <uses-permission android:name="android.permission.ACCESS_COARSE_LOCATION" />
11-->src/main/AndroidManifest.xml:5:5-81
11-->src/main/AndroidManifest.xml:5:22-78
12    <uses-permission android:name="android.permission.INTERNET" />
12-->src/main/AndroidManifest.xml:6:5-67
12-->src/main/AndroidManifest.xml:6:22-64
13    <uses-permission android:name="android.permission.ACCESS_FINE_LOCATION" />
13-->src/main/AndroidManifest.xml:7:5-79
13-->src/main/AndroidManifest.xml:7:22-76
14
15    <permission
15-->[androidx.core:core:1.9.0] AndroidManifest.xml:22:5-24:47
16        android:name="com.example.hackatonandroid.DYNAMIC_RECEIVER_NOT_EXPORTED_PERMISSION"
16-->[androidx.core:core:1.9.0] AndroidManifest.xml:23:9-81
17        android:protectionLevel="signature" />
17-->[androidx.core:core:1.9.0] AndroidManifest.xml:24:9-44
18
19    <uses-permission android:name="com.example.hackatonandroid.DYNAMIC_RECEIVER_NOT_EXPORTED_PERMISSION" />
19-->[androidx.core:core:1.9.0] AndroidManifest.xml:26:5-97
19-->[androidx.core:core:1.9.0] AndroidManifest.xml:26:22-94
20
21    <application
21-->src/main/AndroidManifest.xml:9:5-51:19
22        android:allowBackup="true"
22-->src/main/AndroidManifest.xml:10:9-35
23        android:appComponentFactory="androidx.core.app.CoreComponentFactory"
23-->[androidx.core:core:1.9.0] AndroidManifest.xml:28:18-86
24        android:dataExtractionRules="@xml/data_extraction_rules"
24-->src/main/AndroidManifest.xml:11:9-65
25        android:debuggable="true"
26        android:extractNativeLibs="false"
27        android:fullBackupContent="@xml/backup_rules"
27-->src/main/AndroidManifest.xml:12:9-54
28        android:icon="@mipmap/ic_logo"
28-->src/main/AndroidManifest.xml:13:9-39
29        android:label="서치라이트"
29-->src/main/AndroidManifest.xml:14:9-30
30        android:roundIcon="@mipmap/ic_logo_round"
30-->src/main/AndroidManifest.xml:15:9-50
31        android:supportsRtl="true"
31-->src/main/AndroidManifest.xml:16:9-35
32        android:testOnly="true"
33        android:theme="@style/Theme.HackatonAndroid"
33-->src/main/AndroidManifest.xml:17:9-53
34        android:usesCleartextTraffic="true" >
34-->src/main/AndroidManifest.xml:18:9-44
35        <activity
35-->src/main/AndroidManifest.xml:20:9-24:60
36            android:name="com.example.hackatonandroid.TransferActivity"
36-->src/main/AndroidManifest.xml:21:13-45
37            android:exported="false"
37-->src/main/AndroidManifest.xml:22:13-37
38            android:label="@string/title_activity_transfer"
38-->src/main/AndroidManifest.xml:23:13-60
39            android:theme="@style/Theme.HackatonAndroid" />
39-->src/main/AndroidManifest.xml:24:13-57
40        <activity
40-->src/main/AndroidManifest.xml:25:9-29:60
41            android:name="com.example.hackatonandroid.CarNumberActivity"
41-->src/main/AndroidManifest.xml:26:13-46
42            android:exported="false"
42-->src/main/AndroidManifest.xml:27:13-37
43            android:label="@string/title_activity_car_number"
43-->src/main/AndroidManifest.xml:28:13-62
44            android:theme="@style/Theme.HackatonAndroid" />
44-->src/main/AndroidManifest.xml:29:13-57
45        <activity
45-->src/main/AndroidManifest.xml:30:9-34:60
46            android:name="com.example.hackatonandroid.LoadingActivity"
46-->src/main/AndroidManifest.xml:31:13-44
47            android:exported="false"
47-->src/main/AndroidManifest.xml:32:13-37
48            android:label="@string/title_activity_loading"
48-->src/main/AndroidManifest.xml:33:13-59
49            android:theme="@style/Theme.HackatonAndroid" />
49-->src/main/AndroidManifest.xml:34:13-57
50        <activity
50-->src/main/AndroidManifest.xml:35:9-39:60
51            android:name="com.example.hackatonandroid.OnBoardActivity"
51-->src/main/AndroidManifest.xml:36:13-44
52            android:exported="false"
52-->src/main/AndroidManifest.xml:37:13-37
53            android:label="@string/title_activity_on_board"
53-->src/main/AndroidManifest.xml:38:13-60
54            android:theme="@style/Theme.HackatonAndroid" />
54-->src/main/AndroidManifest.xml:39:13-57
55        <activity
55-->src/main/AndroidManifest.xml:40:9-50:20
56            android:name="com.example.hackatonandroid.MainActivity"
56-->src/main/AndroidManifest.xml:41:13-41
57            android:exported="true"
57-->src/main/AndroidManifest.xml:42:13-36
58            android:label="@string/app_name"
58-->src/main/AndroidManifest.xml:43:13-45
59            android:theme="@style/Theme.HackatonAndroid" >
59-->src/main/AndroidManifest.xml:44:13-57
60            <intent-filter>
60-->src/main/AndroidManifest.xml:45:13-49:29
61                <action android:name="android.intent.action.MAIN" />
61-->src/main/AndroidManifest.xml:46:17-69
61-->src/main/AndroidManifest.xml:46:25-66
62
63                <category android:name="android.intent.category.LAUNCHER" />
63-->src/main/AndroidManifest.xml:48:17-77
63-->src/main/AndroidManifest.xml:48:27-74
64            </intent-filter>
65        </activity>
66
67        <provider
67-->[io.github.jan-tennert.supabase:gotrue-kt-android-debug:1.1.1] AndroidManifest.xml:9:9-17:20
68            android:name="androidx.startup.InitializationProvider"
68-->[io.github.jan-tennert.supabase:gotrue-kt-android-debug:1.1.1] AndroidManifest.xml:10:13-67
69            android:authorities="com.example.hackatonandroid.androidx-startup"
69-->[io.github.jan-tennert.supabase:gotrue-kt-android-debug:1.1.1] AndroidManifest.xml:11:13-68
70            android:exported="false" >
70-->[io.github.jan-tennert.supabase:gotrue-kt-android-debug:1.1.1] AndroidManifest.xml:12:13-37
71            <meta-data
71-->[io.github.jan-tennert.supabase:gotrue-kt-android-debug:1.1.1] AndroidManifest.xml:14:13-16:52
72                android:name="io.github.jan.supabase.gotrue.SupabaseInitializer"
72-->[io.github.jan-tennert.supabase:gotrue-kt-android-debug:1.1.1] AndroidManifest.xml:15:17-81
73                android:value="androidx.startup" />
73-->[io.github.jan-tennert.supabase:gotrue-kt-android-debug:1.1.1] AndroidManifest.xml:16:17-49
74            <meta-data
74-->[com.russhwolf:multiplatform-settings-no-arg-android-debug:1.0.0] AndroidManifest.xml:31:13-33:52
75                android:name="com.russhwolf.settings.SettingsInitializer"
75-->[com.russhwolf:multiplatform-settings-no-arg-android-debug:1.0.0] AndroidManifest.xml:32:17-74
76                android:value="androidx.startup" />
76-->[com.russhwolf:multiplatform-settings-no-arg-android-debug:1.0.0] AndroidManifest.xml:33:17-49
77            <meta-data
77-->[androidx.emoji2:emoji2:1.3.0] AndroidManifest.xml:29:13-31:52
78                android:name="androidx.emoji2.text.EmojiCompatInitializer"
78-->[androidx.emoji2:emoji2:1.3.0] AndroidManifest.xml:30:17-75
79                android:value="androidx.startup" />
79-->[androidx.emoji2:emoji2:1.3.0] AndroidManifest.xml:31:17-49
80            <meta-data
80-->[androidx.lifecycle:lifecycle-process:2.6.1] AndroidManifest.xml:29:13-31:52
81                android:name="androidx.lifecycle.ProcessLifecycleInitializer"
81-->[androidx.lifecycle:lifecycle-process:2.6.1] AndroidManifest.xml:30:17-78
82                android:value="androidx.startup" />
82-->[androidx.lifecycle:lifecycle-process:2.6.1] AndroidManifest.xml:31:17-49
83            <meta-data
83-->[androidx.profileinstaller:profileinstaller:1.3.0] AndroidManifest.xml:29:13-31:52
84                android:name="androidx.profileinstaller.ProfileInstallerInitializer"
84-->[androidx.profileinstaller:profileinstaller:1.3.0] AndroidManifest.xml:30:17-85
85                android:value="androidx.startup" />
85-->[androidx.profileinstaller:profileinstaller:1.3.0] AndroidManifest.xml:31:17-49
86        </provider>
87
88        <activity
88-->[com.google.android.gms:play-services-base:18.1.0] AndroidManifest.xml:20:9-22:45
89            android:name="com.google.android.gms.common.api.GoogleApiActivity"
89-->[com.google.android.gms:play-services-base:18.1.0] AndroidManifest.xml:20:19-85
90            android:exported="false"
90-->[com.google.android.gms:play-services-base:18.1.0] AndroidManifest.xml:22:19-43
91            android:theme="@android:style/Theme.Translucent.NoTitleBar" />
91-->[com.google.android.gms:play-services-base:18.1.0] AndroidManifest.xml:21:19-78
92        <activity
92-->[androidx.compose.ui:ui-test-manifest:1.4.3] AndroidManifest.xml:23:9-25:39
93            android:name="androidx.activity.ComponentActivity"
93-->[androidx.compose.ui:ui-test-manifest:1.4.3] AndroidManifest.xml:24:13-63
94            android:exported="true" />
94-->[androidx.compose.ui:ui-test-manifest:1.4.3] AndroidManifest.xml:25:13-36
95
96        <meta-data
96-->[com.google.android.gms:play-services-basement:18.1.0] AndroidManifest.xml:21:9-23:69
97            android:name="com.google.android.gms.version"
97-->[com.google.android.gms:play-services-basement:18.1.0] AndroidManifest.xml:22:13-58
98            android:value="@integer/google_play_services_version" />
98-->[com.google.android.gms:play-services-basement:18.1.0] AndroidManifest.xml:23:13-66
99
100        <activity
100-->[androidx.compose.ui:ui-tooling:1.4.3] AndroidManifest.xml:23:9-25:39
101            android:name="androidx.compose.ui.tooling.PreviewActivity"
101-->[androidx.compose.ui:ui-tooling:1.4.3] AndroidManifest.xml:24:13-71
102            android:exported="true" />
102-->[androidx.compose.ui:ui-tooling:1.4.3] AndroidManifest.xml:25:13-36
103
104        <receiver
104-->[androidx.profileinstaller:profileinstaller:1.3.0] AndroidManifest.xml:34:9-52:20
105            android:name="androidx.profileinstaller.ProfileInstallReceiver"
105-->[androidx.profileinstaller:profileinstaller:1.3.0] AndroidManifest.xml:35:13-76
106            android:directBootAware="false"
106-->[androidx.profileinstaller:profileinstaller:1.3.0] AndroidManifest.xml:36:13-44
107            android:enabled="true"
107-->[androidx.profileinstaller:profileinstaller:1.3.0] AndroidManifest.xml:37:13-35
108            android:exported="true"
108-->[androidx.profileinstaller:profileinstaller:1.3.0] AndroidManifest.xml:38:13-36
109            android:permission="android.permission.DUMP" >
109-->[androidx.profileinstaller:profileinstaller:1.3.0] AndroidManifest.xml:39:13-57
110            <intent-filter>
110-->[androidx.profileinstaller:profileinstaller:1.3.0] AndroidManifest.xml:40:13-42:29
111                <action android:name="androidx.profileinstaller.action.INSTALL_PROFILE" />
111-->[androidx.profileinstaller:profileinstaller:1.3.0] AndroidManifest.xml:41:17-91
111-->[androidx.profileinstaller:profileinstaller:1.3.0] AndroidManifest.xml:41:25-88
112            </intent-filter>
113            <intent-filter>
113-->[androidx.profileinstaller:profileinstaller:1.3.0] AndroidManifest.xml:43:13-45:29
114                <action android:name="androidx.profileinstaller.action.SKIP_FILE" />
114-->[androidx.profileinstaller:profileinstaller:1.3.0] AndroidManifest.xml:44:17-85
114-->[androidx.profileinstaller:profileinstaller:1.3.0] AndroidManifest.xml:44:25-82
115            </intent-filter>
116            <intent-filter>
116-->[androidx.profileinstaller:profileinstaller:1.3.0] AndroidManifest.xml:46:13-48:29
117                <action android:name="androidx.profileinstaller.action.SAVE_PROFILE" />
117-->[androidx.profileinstaller:profileinstaller:1.3.0] AndroidManifest.xml:47:17-88
117-->[androidx.profileinstaller:profileinstaller:1.3.0] AndroidManifest.xml:47:25-85
118            </intent-filter>
119            <intent-filter>
119-->[androidx.profileinstaller:profileinstaller:1.3.0] AndroidManifest.xml:49:13-51:29
120                <action android:name="androidx.profileinstaller.action.BENCHMARK_OPERATION" />
120-->[androidx.profileinstaller:profileinstaller:1.3.0] AndroidManifest.xml:50:17-95
120-->[androidx.profileinstaller:profileinstaller:1.3.0] AndroidManifest.xml:50:25-92
121            </intent-filter>
122        </receiver>
123    </application>
124
125</manifest>